<?xml version="1.0" encoding="UTF-8"?>
<!-- Generated by org.testng.reporters.JUnitReportReporter -->
<testsuite hostname="Vivek" failures="0" tests="3" name="testNGPractice.TestNG1" time="0.021" errors="0" timestamp="2024-07-17T16:31:11 IST" skipped="0">
  <testcase classname="testNGPractice.TestNG1" name="chetan" time="0.015"/>
  <testcase classname="testNGPractice.TestNG1" name="vivek" time="0.004"/>
  <testcase classname="testNGPractice.TestNG1" name="aman" time="0.002"/>
</testsuite> <!-- testNGPractice.TestNG1 -->
