<?xml version="1.0" encoding="UTF-8"?>
<!-- Generated by org.testng.reporters.JUnitReportReporter -->
<testsuite hostname="Vivek" failures="0" tests="2" name="testNGPractice.TestNG2" time="0.026" errors="0" timestamp="2024-07-14T16:00:49 IST" skipped="0">
  <testcase classname="testNGPractice.TestNG2" name="search" time="0.025"/>
  <testcase classname="testNGPractice.TestNG2" name="advsearch" time="0.001"/>
</testsuite> <!-- testNGPractice.TestNG2 -->
