<?xml version="1.0" encoding="UTF-8"?>
<!-- Generated by org.testng.reporters.JUnitReportReporter -->
<testsuite hostname="Vivek" failures="0" tests="1" name="testNGDataProvider.DataproviderDemo" time="0.747" errors="0" timestamp="2024-07-18T16:47:25 IST" skipped="0">
  <testcase classname="testNGDataProvider.DataproviderDemo" name="login" time="0.747"/>
</testsuite> <!-- testNGDataProvider.DataproviderDemo -->
