<?xml version="1.0" encoding="UTF-8"?>
<!-- Generated by org.testng.reporters.JUnitReportReporter -->
<testsuite hostname="Vivek" failures="0" tests="3" name="testNGgrouping.GroupBySignUP" time="0.018" errors="0" timestamp="2024-07-17T17:46:14 IST" skipped="0">
  <testcase classname="testNGgrouping.GroupBySignUP" name="test_signupByEmail" time="0.013"/>
  <testcase classname="testNGgrouping.GroupBySignUP" name="test_signupByFB" time="0.002"/>
  <testcase classname="testNGgrouping.GroupBySignUP" name="test_signupByTwitter" time="0.003"/>
</testsuite> <!-- testNGgrouping.GroupBySignUP -->
