<?xml version="1.0" encoding="UTF-8"?>
<!-- Generated by org.testng.reporters.JUnitReportReporter -->
<testsuite hostname="Vivek" failures="0" tests="2" name="testNGPractice.TestNGBAClass" time="0.024" errors="0" timestamp="2024-07-14T16:03:07 IST" skipped="0">
  <testcase classname="testNGPractice.TestNGBAClass" name="search" time="0.021"/>
  <testcase classname="testNGPractice.TestNGBAClass" name="advsearch" time="0.003"/>
</testsuite> <!-- testNGPractice.TestNGBAClass -->
