<?xml version="1.0" encoding="UTF-8"?>
<!-- Generated by org.testng.reporters.JUnitReportReporter -->
<testsuite hostname="Vivek" failures="0" tests="2" name="testNGPractice.TestNGbyBAMethodS" time="0.034" errors="0" timestamp="2024-07-17T16:37:21 IST" skipped="0">
  <testcase classname="testNGPractice.TestNGbyBAMethodS" name="search" time="0.030"/>
  <testcase classname="testNGPractice.TestNGbyBAMethodS" name="advsearch" time="0.004"/>
</testsuite> <!-- testNGPractice.TestNGbyBAMethodS -->
