<?xml version="1.0" encoding="UTF-8"?>
<!-- Generated by org.testng.reporters.JUnitReportReporter -->
<testsuite hostname="Vivek" failures="0" tests="2" name="testNGgrouping.GroupByPayment" time="0.017" errors="0" timestamp="2024-07-17T17:48:31 IST" skipped="0">
  <testcase classname="testNGgrouping.GroupByPayment" name="paymentInRupees" time="0.016"/>
  <testcase classname="testNGgrouping.GroupByPayment" name="paymentInDoller" time="0.001"/>
</testsuite> <!-- testNGgrouping.GroupByPayment -->
