<?xml version="1.0" encoding="UTF-8"?>
<!-- Generated by org.testng.reporters.JUnitReportReporter -->
<testsuite hostname="Vivek" failures="0" tests="2" name="testNGPractice.TestNGDependsOnMethod" time="0.024" errors="0" timestamp="2024-07-18T17:02:09 IST" skipped="0">
  <testcase classname="testNGPractice.TestNGDependsOnMethod" name="openapp" time="0.001"/>
  <testcase classname="testNGPractice.TestNGDependsOnMethod" name="openapp" time="0.023"/>
</testsuite> <!-- testNGPractice.TestNGDependsOnMethod -->
