<?xml version="1.0" encoding="UTF-8"?>
<!-- Generated by org.testng.reporters.JUnitReportReporter -->
<testsuite hostname="Vivek" failures="0" tests="1" name="testNGPractice.TestNG1" time="0.045" errors="0" timestamp="2024-07-14T15:59:56 IST" skipped="0">
  <testcase classname="testNGPractice.TestNG1" name="vivek" time="0.045"/>
</testsuite> <!-- testNGPractice.TestNG1 -->
