<?xml version="1.0" encoding="UTF-8"?>
<!-- Generated by org.testng.reporters.JUnitReportReporter -->
<testsuite hostname="Vivek" failures="0" tests="3" name="testNGgrouping.GroupByLoginDemo" time="0.018" errors="0" timestamp="2024-07-17T17:48:31 IST" skipped="0">
  <testcase classname="testNGgrouping.GroupByLoginDemo" name="test_loginByEmail" time="0.002"/>
  <testcase classname="testNGgrouping.GroupByLoginDemo" name="test_loginByFB" time="0.002"/>
  <testcase classname="testNGgrouping.GroupByLoginDemo" name="test_loginByTwitter" time="0.014"/>
</testsuite> <!-- testNGgrouping.GroupByLoginDemo -->
